This file contains any messages produced by compilers while
running configure, to aid debugging if configure makes a mistake.

It was created by sqlite configure 3.28.0, which was
generated by GNU Autoconf 2.69.  Invocation command line was

  $ ./configure 

## --------- ##
## Platform. ##
## --------- ##

hostname = izuf69j4xdbp2pcou2g1obz
uname -m = x86_64
uname -r = 3.10.0-514.26.2.el7.x86_64
uname -s = Linux
uname -v = #1 SMP Tue Jul 4 15:04:05 UTC 2017

/usr/bin/uname -p = x86_64
/bin/uname -X     = unknown

/bin/arch              = x86_64
/usr/bin/arch -k       = unknown
/usr/convex/getsysinfo = unknown
/usr/bin/hostinfo      = unknown
/bin/machine           = unknown
/usr/bin/oslevel       = unknown
/bin/universe          = unknown

PATH: /home/snorlax/software/protobuf-install/bin
PATH: /home/snorlax/software/grpc-install/bin
PATH: /home/snorlax/code/gitLocal/dev-tools/.dev_tool/make-install/bin
PATH: /home/snorlax/code/gitLocal/dev-tools/.dev_tool/jdk1.8.0/bin
PATH: /home/snorlax/code/gitLocal/dev-tools/.dev_tool/.pyenv/shims
PATH: /home/snorlax/code/gitLocal/dev-tools/.dev_tool/.pyenv/bin
PATH: /home/snorlax/code/gitLocal/dev-tools/.dev_tool/vim-install/bin/
PATH: /home/snorlax/code/gitLocal/dev-tools/.dev_tool/ctags-install/bin
PATH: /home/snorlax/code/gitLocal/dev-tools/.dev_tool/gcc-all/gcc-4.8.5-install/bin
PATH: /home/snorlax/code/gitLocal/dev-tools/.dev_tool/git/bin
PATH: /usr/local/bin
PATH: /usr/bin
PATH: /usr/local/sbin
PATH: /usr/sbin
PATH: /home/snorlax/.fzf/bin
PATH: /home/snorlax/.local/bin
PATH: /home/snorlax/bin


## ----------- ##
## Core tests. ##
## ----------- ##

configure:2474: checking for a BSD-compatible install
configure:2542: result: /usr/bin/install -c
configure:2553: checking whether build environment is sane
configure:2608: result: yes
configure:2759: checking for a thread-safe mkdir -p
configure:2798: result: /usr/bin/mkdir -p
configure:2805: checking for gawk
configure:2821: found /usr/bin/gawk
configure:2832: result: gawk
configure:2843: checking whether make sets $(MAKE)
configure:2865: result: yes
configure:2894: checking whether make supports nested variables
configure:2911: result: yes
configure:3008: checking for style of include used by make
configure:3036: result: GNU
configure:3107: checking for gcc
configure:3123: found /home/snorlax/code/gitLocal/dev-tools/.dev_tool/gcc-all/gcc-4.8.5-install/bin/gcc
configure:3134: result: gcc
configure:3363: checking for C compiler version
configure:3372: gcc --version >&5
gcc (GCC) 4.8.5
Copyright (C) 2015 Free Software Foundation, Inc.
This is free software; see the source for copying conditions.  There is NO
warranty; not even for MERCHANTABILITY or FITNESS FOR A PARTICULAR PURPOSE.

configure:3383: $? = 0
configure:3372: gcc -v >&5
Using built-in specs.
COLLECT_GCC=gcc
COLLECT_LTO_WRAPPER=/home/snorlax/code/gitLocal/dev-tools/.dev_tool/gcc-all/gcc-4.8.5-install/bin/../libexec/gcc/x86_64-unknown-linux-gnu/4.8.5/lto-wrapper
Target: x86_64-unknown-linux-gnu
Configured with: ./configure --prefix=/home/snorlax/software/gcc-4.8.5-install --with-gmp=/home/snorlax/code/gitLocal/dev-tools/.dev_tool/gcc-all/gcc-pre/gmp-6.1.2 --with-mpfr=/home/snorlax/code/gitLocal/dev-tools/.dev_tool/gcc-all/gcc-pre/mpfr-4.0.2 --with-mpc=/home/snorlax/code/gitLocal/dev-tools/.dev_tool/gcc-all/gcc-pre/mpc-1.1.0
Thread model: posix
gcc version 4.8.5 (GCC) 
configure:3383: $? = 0
configure:3372: gcc -V >&5
gcc: error: unrecognized command line option '-V'
gcc: fatal error: no input files
compilation terminated.
configure:3383: $? = 1
configure:3372: gcc -qversion >&5
gcc: error: unrecognized command line option '-qversion'
gcc: fatal error: no input files
compilation terminated.
configure:3383: $? = 1
configure:3403: checking whether the C compiler works
configure:3425: gcc    conftest.c  >&5
configure:3429: $? = 0
configure:3477: result: yes
configure:3480: checking for C compiler default output file name
configure:3482: result: a.out
configure:3488: checking for suffix of executables
configure:3495: gcc -o conftest    conftest.c  >&5
configure:3499: $? = 0
configure:3521: result: 
configure:3543: checking whether we are cross compiling
configure:3551: gcc -o conftest    conftest.c  >&5
configure:3555: $? = 0
configure:3562: ./conftest
configure:3566: $? = 0
configure:3581: result: no
configure:3586: checking for suffix of object files
configure:3608: gcc -c   conftest.c >&5
configure:3612: $? = 0
configure:3633: result: o
configure:3637: checking whether we are using the GNU C compiler
configure:3656: gcc -c   conftest.c >&5
configure:3656: $? = 0
configure:3665: result: yes
configure:3674: checking whether gcc accepts -g
configure:3694: gcc -c -g  conftest.c >&5
configure:3694: $? = 0
configure:3735: result: yes
configure:3752: checking for gcc option to accept ISO C89
configure:3815: gcc  -c -g -O2  conftest.c >&5
configure:3815: $? = 0
configure:3828: result: none needed
configure:3850: checking dependency style of gcc
configure:3961: result: gcc3
configure:3984: checking for special C compiler options needed for large files
configure:4029: result: no
configure:4035: checking for _FILE_OFFSET_BITS value needed for large files
configure:4060: gcc -c -g -O2  conftest.c >&5
configure:4060: $? = 0
configure:4092: result: no
configure:4227: checking for gcc
configure:4254: result: gcc
configure:4483: checking for C compiler version
configure:4492: gcc --version >&5
gcc (GCC) 4.8.5
Copyright (C) 2015 Free Software Foundation, Inc.
This is free software; see the source for copying conditions.  There is NO
warranty; not even for MERCHANTABILITY or FITNESS FOR A PARTICULAR PURPOSE.

configure:4503: $? = 0
configure:4492: gcc -v >&5
Using built-in specs.
COLLECT_GCC=gcc
COLLECT_LTO_WRAPPER=/home/snorlax/code/gitLocal/dev-tools/.dev_tool/gcc-all/gcc-4.8.5-install/bin/../libexec/gcc/x86_64-unknown-linux-gnu/4.8.5/lto-wrapper
Target: x86_64-unknown-linux-gnu
Configured with: ./configure --prefix=/home/snorlax/software/gcc-4.8.5-install --with-gmp=/home/snorlax/code/gitLocal/dev-tools/.dev_tool/gcc-all/gcc-pre/gmp-6.1.2 --with-mpfr=/home/snorlax/code/gitLocal/dev-tools/.dev_tool/gcc-all/gcc-pre/mpfr-4.0.2 --with-mpc=/home/snorlax/code/gitLocal/dev-tools/.dev_tool/gcc-all/gcc-pre/mpc-1.1.0
Thread model: posix
gcc version 4.8.5 (GCC) 
configure:4503: $? = 0
configure:4492: gcc -V >&5
gcc: error: unrecognized command line option '-V'
gcc: fatal error: no input files
compilation terminated.
configure:4503: $? = 1
configure:4492: gcc -qversion >&5
gcc: error: unrecognized command line option '-qversion'
gcc: fatal error: no input files
compilation terminated.
configure:4503: $? = 1
configure:4507: checking whether we are using the GNU C compiler
configure:4535: result: yes
configure:4544: checking whether gcc accepts -g
configure:4605: result: yes
configure:4622: checking for gcc option to accept ISO C89
configure:4698: result: none needed
configure:4720: checking dependency style of gcc
configure:4831: result: gcc3
configure:4904: checking for g++
configure:4920: found /home/snorlax/code/gitLocal/dev-tools/.dev_tool/gcc-all/gcc-4.8.5-install/bin/g++
configure:4931: result: g++
configure:4958: checking for C++ compiler version
configure:4967: g++ --version >&5
g++ (GCC) 4.8.5
Copyright (C) 2015 Free Software Foundation, Inc.
This is free software; see the source for copying conditions.  There is NO
warranty; not even for MERCHANTABILITY or FITNESS FOR A PARTICULAR PURPOSE.

configure:4978: $? = 0
configure:4967: g++ -v >&5
Using built-in specs.
COLLECT_GCC=g++
COLLECT_LTO_WRAPPER=/home/snorlax/code/gitLocal/dev-tools/.dev_tool/gcc-all/gcc-4.8.5-install/bin/../libexec/gcc/x86_64-unknown-linux-gnu/4.8.5/lto-wrapper
Target: x86_64-unknown-linux-gnu
Configured with: ./configure --prefix=/home/snorlax/software/gcc-4.8.5-install --with-gmp=/home/snorlax/code/gitLocal/dev-tools/.dev_tool/gcc-all/gcc-pre/gmp-6.1.2 --with-mpfr=/home/snorlax/code/gitLocal/dev-tools/.dev_tool/gcc-all/gcc-pre/mpfr-4.0.2 --with-mpc=/home/snorlax/code/gitLocal/dev-tools/.dev_tool/gcc-all/gcc-pre/mpc-1.1.0
Thread model: posix
gcc version 4.8.5 (GCC) 
configure:4978: $? = 0
configure:4967: g++ -V >&5
g++: error: unrecognized command line option '-V'
g++: fatal error: no input files
compilation terminated.
configure:4978: $? = 1
configure:4967: g++ -qversion >&5
g++: error: unrecognized command line option '-qversion'
g++: fatal error: no input files
compilation terminated.
configure:4978: $? = 1
configure:4982: checking whether we are using the GNU C++ compiler
configure:5001: g++ -c   conftest.cpp >&5
configure:5001: $? = 0
configure:5010: result: yes
configure:5019: checking whether g++ accepts -g
configure:5039: g++ -c -g  conftest.cpp >&5
configure:5039: $? = 0
configure:5080: result: yes
configure:5105: checking dependency style of g++
configure:5216: result: gcc3
configure:5260: checking build system type
configure:5274: result: x86_64-pc-linux-gnu
configure:5294: checking host system type
configure:5307: result: x86_64-pc-linux-gnu
configure:5348: checking how to print strings
configure:5375: result: printf
configure:5396: checking for a sed that does not truncate output
configure:5460: result: /usr/bin/sed
configure:5478: checking for grep that handles long lines and -e
configure:5536: result: /usr/bin/grep
configure:5541: checking for egrep
configure:5603: result: /usr/bin/grep -E
configure:5608: checking for fgrep
configure:5670: result: /usr/bin/grep -F
configure:5705: checking for ld used by gcc
configure:5772: result: /usr/bin/ld
configure:5779: checking if the linker (/usr/bin/ld) is GNU ld
configure:5794: result: yes
configure:5806: checking for BSD- or MS-compatible name lister (nm)
configure:5860: result: /usr/bin/nm -B
configure:5990: checking the name lister (/usr/bin/nm -B) interface
configure:5997: gcc -c -g -O2  conftest.c >&5
configure:6000: /usr/bin/nm -B "conftest.o"
configure:6003: output
0000000000000000 B some_variable
configure:6010: result: BSD nm
configure:6013: checking whether ln -s works
configure:6017: result: yes
configure:6025: checking the maximum length of command line arguments
configure:6156: result: 1572864
configure:6204: checking how to convert x86_64-pc-linux-gnu file names to x86_64-pc-linux-gnu format
configure:6244: result: func_convert_file_noop
configure:6251: checking how to convert x86_64-pc-linux-gnu file names to toolchain format
configure:6271: result: func_convert_file_noop
configure:6278: checking for /usr/bin/ld option to reload object files
configure:6285: result: -r
configure:6359: checking for objdump
configure:6375: found /usr/bin/objdump
configure:6386: result: objdump
configure:6418: checking how to recognize dependent libraries
configure:6618: result: pass_all
configure:6703: checking for dlltool
configure:6733: result: no
configure:6763: checking how to associate runtime and link libraries
configure:6790: result: printf %s\n
configure:6850: checking for ar
configure:6866: found /usr/bin/ar
configure:6877: result: ar
configure:6914: checking for archiver @FILE support
configure:6931: gcc -c -g -O2  conftest.c >&5
configure:6931: $? = 0
configure:6934: ar cru libconftest.a @conftest.lst >&5
configure:6937: $? = 0
configure:6942: ar cru libconftest.a @conftest.lst >&5
ar: conftest.o: No such file or directory
configure:6945: $? = 1
configure:6957: result: @
configure:7015: checking for strip
configure:7031: found /usr/bin/strip
configure:7042: result: strip
configure:7114: checking for ranlib
configure:7130: found /usr/bin/ranlib
configure:7141: result: ranlib
configure:7243: checking command to parse /usr/bin/nm -B output from gcc object
configure:7396: gcc -c -g -O2  conftest.c >&5
configure:7399: $? = 0
configure:7403: /usr/bin/nm -B conftest.o \| sed -n -e 's/^.*[ ]\([ABCDGIRSTW][ABCDGIRSTW]*\)[ ][ ]*\([_A-Za-z][_A-Za-z0-9]*\)$/\1 \2 \2/p' | sed '/ __gnu_lto/d' \> conftest.nm
configure:7406: $? = 0
configure:7472: gcc -o conftest -g -O2   conftest.c conftstm.o >&5
configure:7475: $? = 0
configure:7513: result: ok
configure:7560: checking for sysroot
configure:7590: result: no
configure:7597: checking for a working dd
configure:7635: result: /usr/bin/dd
configure:7639: checking how to truncate binary pipes
configure:7654: result: /usr/bin/dd bs=4096 count=1
configure:7790: gcc -c -g -O2  conftest.c >&5
configure:7793: $? = 0
configure:7983: checking for mt
configure:8013: result: no
configure:8033: checking if : is a manifest tool
configure:8039: : '-?'
configure:8047: result: no
configure:8724: checking how to run the C preprocessor
configure:8755: gcc -E  conftest.c
configure:8755: $? = 0
configure:8769: gcc -E  conftest.c
conftest.c:11:28: fatal error: ac_nonexistent.h: No such file or directory
 #include <ac_nonexistent.h>
                            ^
compilation terminated.
configure:8769: $? = 1
configure: failed program was:
| /* confdefs.h */
| #define PACKAGE_NAME "sqlite"
| #define PACKAGE_TARNAME "sqlite"
| #define PACKAGE_VERSION "3.28.0"
| #define PACKAGE_STRING "sqlite 3.28.0"
| #define PACKAGE_BUGREPORT "http://www.sqlite.org"
| #define PACKAGE_URL ""
| #define PACKAGE "sqlite"
| #define VERSION "3.28.0"
| /* end confdefs.h.  */
| #include <ac_nonexistent.h>
configure:8794: result: gcc -E
configure:8814: gcc -E  conftest.c
configure:8814: $? = 0
configure:8828: gcc -E  conftest.c
conftest.c:11:28: fatal error: ac_nonexistent.h: No such file or directory
 #include <ac_nonexistent.h>
                            ^
compilation terminated.
configure:8828: $? = 1
configure: failed program was:
| /* confdefs.h */
| #define PACKAGE_NAME "sqlite"
| #define PACKAGE_TARNAME "sqlite"
| #define PACKAGE_VERSION "3.28.0"
| #define PACKAGE_STRING "sqlite 3.28.0"
| #define PACKAGE_BUGREPORT "http://www.sqlite.org"
| #define PACKAGE_URL ""
| #define PACKAGE "sqlite"
| #define VERSION "3.28.0"
| /* end confdefs.h.  */
| #include <ac_nonexistent.h>
configure:8857: checking for ANSI C header files
configure:8877: gcc -c -g -O2  conftest.c >&5
configure:8877: $? = 0
configure:8950: gcc -o conftest -g -O2   conftest.c  >&5
configure:8950: $? = 0
configure:8950: ./conftest
configure:8950: $? = 0
configure:8961: result: yes
configure:8974: checking for sys/types.h
configure:8974: gcc -c -g -O2  conftest.c >&5
configure:8974: $? = 0
configure:8974: result: yes
configure:8974: checking for sys/stat.h
configure:8974: gcc -c -g -O2  conftest.c >&5
configure:8974: $? = 0
configure:8974: result: yes
configure:8974: checking for stdlib.h
configure:8974: gcc -c -g -O2  conftest.c >&5
configure:8974: $? = 0
configure:8974: result: yes
configure:8974: checking for string.h
configure:8974: gcc -c -g -O2  conftest.c >&5
configure:8974: $? = 0
configure:8974: result: yes
configure:8974: checking for memory.h
configure:8974: gcc -c -g -O2  conftest.c >&5
configure:8974: $? = 0
configure:8974: result: yes
configure:8974: checking for strings.h
configure:8974: gcc -c -g -O2  conftest.c >&5
configure:8974: $? = 0
configure:8974: result: yes
configure:8974: checking for inttypes.h
configure:8974: gcc -c -g -O2  conftest.c >&5
configure:8974: $? = 0
configure:8974: result: yes
configure:8974: checking for stdint.h
configure:8974: gcc -c -g -O2  conftest.c >&5
configure:8974: $? = 0
configure:8974: result: yes
configure:8974: checking for unistd.h
configure:8974: gcc -c -g -O2  conftest.c >&5
configure:8974: $? = 0
configure:8974: result: yes
configure:8988: checking for dlfcn.h
configure:8988: gcc -c -g -O2  conftest.c >&5
configure:8988: $? = 0
configure:8988: result: yes
configure:9255: checking for objdir
configure:9270: result: .libs
configure:9530: checking if gcc supports -fno-rtti -fno-exceptions
configure:9548: gcc -c -g -O2  -fno-rtti -fno-exceptions conftest.c >&5
cc1: warning: command line option '-fno-rtti' is valid for C++/ObjC++ but not for C [enabled by default]
configure:9552: $? = 0
configure:9565: result: no
configure:9923: checking for gcc option to produce PIC
configure:9930: result: -fPIC -DPIC
configure:9938: checking if gcc PIC flag -fPIC -DPIC works
configure:9956: gcc -c -g -O2  -fPIC -DPIC -DPIC conftest.c >&5
configure:9960: $? = 0
configure:9973: result: yes
configure:10002: checking if gcc static flag -static works
configure:10030: result: no
configure:10045: checking if gcc supports -c -o file.o
configure:10066: gcc -c -g -O2  -o out/conftest2.o conftest.c >&5
configure:10070: $? = 0
configure:10092: result: yes
configure:10100: checking if gcc supports -c -o file.o
configure:10147: result: yes
configure:10180: checking whether the gcc linker (/usr/bin/ld -m elf_x86_64) supports shared libraries
configure:11439: result: yes
configure:11476: checking whether -lc should be explicitly linked in
configure:11484: gcc -c -g -O2  conftest.c >&5
configure:11487: $? = 0
configure:11502: gcc -shared  -fPIC -DPIC conftest.o  -v -Wl,-soname -Wl,conftest -o conftest 2\>\&1 \| /usr/bin/grep  -lc  \>/dev/null 2\>\&1
configure:11505: $? = 0
configure:11519: result: no
configure:11679: checking dynamic linker characteristics
configure:12260: gcc -o conftest -g -O2   -Wl,-rpath -Wl,/foo conftest.c  >&5
configure:12260: $? = 0
configure:12497: result: GNU/Linux ld.so
configure:12619: checking how to hardcode library paths into programs
configure:12644: result: immediate
configure:13192: checking whether stripping libraries is possible
configure:13197: result: yes
configure:13232: checking if libtool supports shared libraries
configure:13234: result: yes
configure:13237: checking whether to build shared libraries
configure:13262: result: yes
configure:13265: checking whether to build static libraries
configure:13269: result: yes
configure:13292: checking how to run the C++ preprocessor
configure:13319: g++ -E  conftest.cpp
configure:13319: $? = 0
configure:13333: g++ -E  conftest.cpp
conftest.cpp:23:28: fatal error: ac_nonexistent.h: No such file or directory
 #include <ac_nonexistent.h>
                            ^
compilation terminated.
configure:13333: $? = 1
configure: failed program was:
| /* confdefs.h */
| #define PACKAGE_NAME "sqlite"
| #define PACKAGE_TARNAME "sqlite"
| #define PACKAGE_VERSION "3.28.0"
| #define PACKAGE_STRING "sqlite 3.28.0"
| #define PACKAGE_BUGREPORT "http://www.sqlite.org"
| #define PACKAGE_URL ""
| #define PACKAGE "sqlite"
| #define VERSION "3.28.0"
| #define STDC_HEADERS 1
| #define HAVE_SYS_TYPES_H 1
| #define HAVE_SYS_STAT_H 1
| #define HAVE_STDLIB_H 1
| #define HAVE_STRING_H 1
| #define HAVE_MEMORY_H 1
| #define HAVE_STRINGS_H 1
| #define HAVE_INTTYPES_H 1
| #define HAVE_STDINT_H 1
| #define HAVE_UNISTD_H 1
| #define HAVE_DLFCN_H 1
| #define LT_OBJDIR ".libs/"
| /* end confdefs.h.  */
| #include <ac_nonexistent.h>
configure:13358: result: g++ -E
configure:13378: g++ -E  conftest.cpp
configure:13378: $? = 0
configure:13392: g++ -E  conftest.cpp
conftest.cpp:23:28: fatal error: ac_nonexistent.h: No such file or directory
 #include <ac_nonexistent.h>
                            ^
compilation terminated.
configure:13392: $? = 1
configure: failed program was:
| /* confdefs.h */
| #define PACKAGE_NAME "sqlite"
| #define PACKAGE_TARNAME "sqlite"
| #define PACKAGE_VERSION "3.28.0"
| #define PACKAGE_STRING "sqlite 3.28.0"
| #define PACKAGE_BUGREPORT "http://www.sqlite.org"
| #define PACKAGE_URL ""
| #define PACKAGE "sqlite"
| #define VERSION "3.28.0"
| #define STDC_HEADERS 1
| #define HAVE_SYS_TYPES_H 1
| #define HAVE_SYS_STAT_H 1
| #define HAVE_STDLIB_H 1
| #define HAVE_STRING_H 1
| #define HAVE_MEMORY_H 1
| #define HAVE_STRINGS_H 1
| #define HAVE_INTTYPES_H 1
| #define HAVE_STDINT_H 1
| #define HAVE_UNISTD_H 1
| #define HAVE_DLFCN_H 1
| #define LT_OBJDIR ".libs/"
| /* end confdefs.h.  */
| #include <ac_nonexistent.h>
configure:13554: checking for ld used by g++
configure:13621: result: /usr/bin/ld -m elf_x86_64
configure:13628: checking if the linker (/usr/bin/ld -m elf_x86_64) is GNU ld
configure:13643: result: yes
configure:13698: checking whether the g++ linker (/usr/bin/ld -m elf_x86_64) supports shared libraries
configure:14771: result: yes
configure:14807: g++ -c -g -O2  conftest.cpp >&5
configure:14810: $? = 0
configure:15291: checking for g++ option to produce PIC
configure:15298: result: -fPIC -DPIC
configure:15306: checking if g++ PIC flag -fPIC -DPIC works
configure:15324: g++ -c -g -O2  -fPIC -DPIC -DPIC conftest.cpp >&5
configure:15328: $? = 0
configure:15341: result: yes
configure:15364: checking if g++ static flag -static works
configure:15392: result: no
configure:15404: checking if g++ supports -c -o file.o
configure:15425: g++ -c -g -O2  -o out/conftest2.o conftest.cpp >&5
configure:15429: $? = 0
configure:15451: result: yes
configure:15456: checking if g++ supports -c -o file.o
configure:15503: result: yes
configure:15533: checking whether the g++ linker (/usr/bin/ld -m elf_x86_64) supports shared libraries
configure:15573: result: yes
configure:15714: checking dynamic linker characteristics
configure:16459: result: GNU/Linux ld.so
configure:16524: checking how to hardcode library paths into programs
configure:16549: result: immediate
configure:16616: checking for fdatasync
configure:16616: gcc -o conftest -g -O2   conftest.c  >&5
configure:16616: $? = 0
configure:16616: result: yes
configure:16616: checking for usleep
configure:16616: gcc -o conftest -g -O2   conftest.c  >&5
configure:16616: $? = 0
configure:16616: result: yes
configure:16616: checking for fullfsync
configure:16616: gcc -o conftest -g -O2   conftest.c  >&5
/tmp/cchwdAxE.o: In function `main':
/home/snorlax/code/opengrok/src/multi-master-sqlite/sqlite-autoconf-3280000/conftest.c:59: undefined reference to `fullfsync'
collect2: error: ld returned 1 exit status
configure:16616: $? = 1
configure: failed program was:
| /* confdefs.h */
| #define PACKAGE_NAME "sqlite"
| #define PACKAGE_TARNAME "sqlite"
| #define PACKAGE_VERSION "3.28.0"
| #define PACKAGE_STRING "sqlite 3.28.0"
| #define PACKAGE_BUGREPORT "http://www.sqlite.org"
| #define PACKAGE_URL ""
| #define PACKAGE "sqlite"
| #define VERSION "3.28.0"
| #define STDC_HEADERS 1
| #define HAVE_SYS_TYPES_H 1
| #define HAVE_SYS_STAT_H 1
| #define HAVE_STDLIB_H 1
| #define HAVE_STRING_H 1
| #define HAVE_MEMORY_H 1
| #define HAVE_STRINGS_H 1
| #define HAVE_INTTYPES_H 1
| #define HAVE_STDINT_H 1
| #define HAVE_UNISTD_H 1
| #define HAVE_DLFCN_H 1
| #define LT_OBJDIR ".libs/"
| #define HAVE_FDATASYNC 1
| #define HAVE_USLEEP 1
| /* end confdefs.h.  */
| /* Define fullfsync to an innocuous variant, in case <limits.h> declares fullfsync.
|    For example, HP-UX 11i <limits.h> declares gettimeofday.  */
| #define fullfsync innocuous_fullfsync
| 
| /* System header to define __stub macros and hopefully few prototypes,
|     which can conflict with char fullfsync (); below.
|     Prefer <limits.h> to <assert.h> if __STDC__ is defined, since
|     <limits.h> exists even on freestanding compilers.  */
| 
| #ifdef __STDC__
| # include <limits.h>
| #else
| # include <assert.h>
| #endif
| 
| #undef fullfsync
| 
| /* Override any GCC internal prototype to avoid an error.
|    Use char because int might match the return type of a GCC
|    builtin and then its argument prototype would still apply.  */
| #ifdef __cplusplus
| extern "C"
| #endif
| char fullfsync ();
| /* The GNU C library defines this for functions which it implements
|     to always fail with ENOSYS.  Some functions are actually named
|     something starting with __ and the normal name is an alias.  */
| #if defined __stub_fullfsync || defined __stub___fullfsync
| choke me
| #endif
| 
| int
| main ()
| {
| return fullfsync ();
|   ;
|   return 0;
| }
configure:16616: result: no
configure:16616: checking for localtime_r
configure:16616: gcc -o conftest -g -O2   conftest.c  >&5
configure:16616: $? = 0
configure:16616: result: yes
configure:16616: checking for gmtime_r
configure:16616: gcc -o conftest -g -O2   conftest.c  >&5
configure:16616: $? = 0
configure:16616: result: yes
configure:16625: checking whether strerror_r is declared
configure:16625: gcc -c -g -O2  conftest.c >&5
configure:16625: $? = 0
configure:16625: result: yes
configure:16638: checking for strerror_r
configure:16638: gcc -o conftest -g -O2   conftest.c  >&5
configure:16638: $? = 0
configure:16638: result: yes
configure:16647: checking whether strerror_r returns char *
configure:16671: gcc -c -g -O2  conftest.c >&5
conftest.c: In function 'main':
conftest.c:67:13: error: invalid type argument of unary '*' (have 'int')
    char x = *strerror_r (0, buf, sizeof buf);
             ^
conftest.c:68:14: warning: initialization makes pointer from integer without a cast [enabled by default]
    char *p = strerror_r (0, buf, sizeof buf);
              ^
configure:16671: $? = 1
configure: failed program was:
| /* confdefs.h */
| #define PACKAGE_NAME "sqlite"
| #define PACKAGE_TARNAME "sqlite"
| #define PACKAGE_VERSION "3.28.0"
| #define PACKAGE_STRING "sqlite 3.28.0"
| #define PACKAGE_BUGREPORT "http://www.sqlite.org"
| #define PACKAGE_URL ""
| #define PACKAGE "sqlite"
| #define VERSION "3.28.0"
| #define STDC_HEADERS 1
| #define HAVE_SYS_TYPES_H 1
| #define HAVE_SYS_STAT_H 1
| #define HAVE_STDLIB_H 1
| #define HAVE_STRING_H 1
| #define HAVE_MEMORY_H 1
| #define HAVE_STRINGS_H 1
| #define HAVE_INTTYPES_H 1
| #define HAVE_STDINT_H 1
| #define HAVE_UNISTD_H 1
| #define HAVE_DLFCN_H 1
| #define LT_OBJDIR ".libs/"
| #define HAVE_FDATASYNC 1
| #define HAVE_USLEEP 1
| #define HAVE_LOCALTIME_R 1
| #define HAVE_GMTIME_R 1
| #define HAVE_DECL_STRERROR_R 1
| #define HAVE_STRERROR_R 1
| /* end confdefs.h.  */
| #include <stdio.h>
| #ifdef HAVE_SYS_TYPES_H
| # include <sys/types.h>
| #endif
| #ifdef HAVE_SYS_STAT_H
| # include <sys/stat.h>
| #endif
| #ifdef STDC_HEADERS
| # include <stdlib.h>
| # include <stddef.h>
| #else
| # ifdef HAVE_STDLIB_H
| #  include <stdlib.h>
| # endif
| #endif
| #ifdef HAVE_STRING_H
| # if !defined STDC_HEADERS && defined HAVE_MEMORY_H
| #  include <memory.h>
| # endif
| # include <string.h>
| #endif
| #ifdef HAVE_STRINGS_H
| # include <strings.h>
| #endif
| #ifdef HAVE_INTTYPES_H
| # include <inttypes.h>
| #endif
| #ifdef HAVE_STDINT_H
| # include <stdint.h>
| #endif
| #ifdef HAVE_UNISTD_H
| # include <unistd.h>
| #endif
| int
| main ()
| {
| 
| 	  char buf[100];
| 	  char x = *strerror_r (0, buf, sizeof buf);
| 	  char *p = strerror_r (0, buf, sizeof buf);
| 	  return !p || x;
| 
|   ;
|   return 0;
| }
configure:16709: result: no
configure:16754: checking editline/readline.h usability
configure:16754: gcc -c -g -O2  conftest.c >&5
conftest.c:62:31: fatal error: editline/readline.h: No such file or directory
 #include <editline/readline.h>
                               ^
compilation terminated.
configure:16754: $? = 1
configure: failed program was:
| /* confdefs.h */
| #define PACKAGE_NAME "sqlite"
| #define PACKAGE_TARNAME "sqlite"
| #define PACKAGE_VERSION "3.28.0"
| #define PACKAGE_STRING "sqlite 3.28.0"
| #define PACKAGE_BUGREPORT "http://www.sqlite.org"
| #define PACKAGE_URL ""
| #define PACKAGE "sqlite"
| #define VERSION "3.28.0"
| #define STDC_HEADERS 1
| #define HAVE_SYS_TYPES_H 1
| #define HAVE_SYS_STAT_H 1
| #define HAVE_STDLIB_H 1
| #define HAVE_STRING_H 1
| #define HAVE_MEMORY_H 1
| #define HAVE_STRINGS_H 1
| #define HAVE_INTTYPES_H 1
| #define HAVE_STDINT_H 1
| #define HAVE_UNISTD_H 1
| #define HAVE_DLFCN_H 1
| #define LT_OBJDIR ".libs/"
| #define HAVE_FDATASYNC 1
| #define HAVE_USLEEP 1
| #define HAVE_LOCALTIME_R 1
| #define HAVE_GMTIME_R 1
| #define HAVE_DECL_STRERROR_R 1
| #define HAVE_STRERROR_R 1
| /* end confdefs.h.  */
| #include <stdio.h>
| #ifdef HAVE_SYS_TYPES_H
| # include <sys/types.h>
| #endif
| #ifdef HAVE_SYS_STAT_H
| # include <sys/stat.h>
| #endif
| #ifdef STDC_HEADERS
| # include <stdlib.h>
| # include <stddef.h>
| #else
| # ifdef HAVE_STDLIB_H
| #  include <stdlib.h>
| # endif
| #endif
| #ifdef HAVE_STRING_H
| # if !defined STDC_HEADERS && defined HAVE_MEMORY_H
| #  include <memory.h>
| # endif
| # include <string.h>
| #endif
| #ifdef HAVE_STRINGS_H
| # include <strings.h>
| #endif
| #ifdef HAVE_INTTYPES_H
| # include <inttypes.h>
| #endif
| #ifdef HAVE_STDINT_H
| # include <stdint.h>
| #endif
| #ifdef HAVE_UNISTD_H
| # include <unistd.h>
| #endif
| #include <editline/readline.h>
configure:16754: result: no
configure:16754: checking editline/readline.h presence
configure:16754: gcc -E  conftest.c
conftest.c:29:31: fatal error: editline/readline.h: No such file or directory
 #include <editline/readline.h>
                               ^
compilation terminated.
configure:16754: $? = 1
configure: failed program was:
| /* confdefs.h */
| #define PACKAGE_NAME "sqlite"
| #define PACKAGE_TARNAME "sqlite"
| #define PACKAGE_VERSION "3.28.0"
| #define PACKAGE_STRING "sqlite 3.28.0"
| #define PACKAGE_BUGREPORT "http://www.sqlite.org"
| #define PACKAGE_URL ""
| #define PACKAGE "sqlite"
| #define VERSION "3.28.0"
| #define STDC_HEADERS 1
| #define HAVE_SYS_TYPES_H 1
| #define HAVE_SYS_STAT_H 1
| #define HAVE_STDLIB_H 1
| #define HAVE_STRING_H 1
| #define HAVE_MEMORY_H 1
| #define HAVE_STRINGS_H 1
| #define HAVE_INTTYPES_H 1
| #define HAVE_STDINT_H 1
| #define HAVE_UNISTD_H 1
| #define HAVE_DLFCN_H 1
| #define LT_OBJDIR ".libs/"
| #define HAVE_FDATASYNC 1
| #define HAVE_USLEEP 1
| #define HAVE_LOCALTIME_R 1
| #define HAVE_GMTIME_R 1
| #define HAVE_DECL_STRERROR_R 1
| #define HAVE_STRERROR_R 1
| /* end confdefs.h.  */
| #include <editline/readline.h>
configure:16754: result: no
configure:16754: checking for editline/readline.h
configure:16754: result: no
configure:16838: checking readline/readline.h usability
configure:16838: gcc -c -g -O2  conftest.c >&5
configure:16838: $? = 0
configure:16838: result: yes
configure:16838: checking readline/readline.h presence
configure:16838: gcc -E  conftest.c
configure:16838: $? = 0
configure:16838: result: yes
configure:16838: checking for readline/readline.h
configure:16838: result: yes
configure:16846: checking for library containing tgetent
configure:16877: gcc -o conftest -g -O2   conftest.c  >&5
/tmp/ccM9ITc8.o: In function `main':
/home/snorlax/code/opengrok/src/multi-master-sqlite/sqlite-autoconf-3280000/conftest.c:41: undefined reference to `tgetent'
collect2: error: ld returned 1 exit status
configure:16877: $? = 1
configure: failed program was:
| /* confdefs.h */
| #define PACKAGE_NAME "sqlite"
| #define PACKAGE_TARNAME "sqlite"
| #define PACKAGE_VERSION "3.28.0"
| #define PACKAGE_STRING "sqlite 3.28.0"
| #define PACKAGE_BUGREPORT "http://www.sqlite.org"
| #define PACKAGE_URL ""
| #define PACKAGE "sqlite"
| #define VERSION "3.28.0"
| #define STDC_HEADERS 1
| #define HAVE_SYS_TYPES_H 1
| #define HAVE_SYS_STAT_H 1
| #define HAVE_STDLIB_H 1
| #define HAVE_STRING_H 1
| #define HAVE_MEMORY_H 1
| #define HAVE_STRINGS_H 1
| #define HAVE_INTTYPES_H 1
| #define HAVE_STDINT_H 1
| #define HAVE_UNISTD_H 1
| #define HAVE_DLFCN_H 1
| #define LT_OBJDIR ".libs/"
| #define HAVE_FDATASYNC 1
| #define HAVE_USLEEP 1
| #define HAVE_LOCALTIME_R 1
| #define HAVE_GMTIME_R 1
| #define HAVE_DECL_STRERROR_R 1
| #define HAVE_STRERROR_R 1
| #define HAVE_READLINE_READLINE_H 1
| /* end confdefs.h.  */
| 
| /* Override any GCC internal prototype to avoid an error.
|    Use char because int might match the return type of a GCC
|    builtin and then its argument prototype would still apply.  */
| #ifdef __cplusplus
| extern "C"
| #endif
| char tgetent ();
| int
| main ()
| {
| return tgetent ();
|   ;
|   return 0;
| }
configure:16877: gcc -o conftest -g -O2   conftest.c -ltermcap   >&5
configure:16877: $? = 0
configure:16894: result: -ltermcap
configure:16902: checking for library containing readline
configure:16933: gcc -o conftest -g -O2   conftest.c -ltermcap  >&5
/tmp/cccDMiue.o: In function `main':
/home/snorlax/code/opengrok/src/multi-master-sqlite/sqlite-autoconf-3280000/conftest.c:41: undefined reference to `readline'
collect2: error: ld returned 1 exit status
configure:16933: $? = 1
configure: failed program was:
| /* confdefs.h */
| #define PACKAGE_NAME "sqlite"
| #define PACKAGE_TARNAME "sqlite"
| #define PACKAGE_VERSION "3.28.0"
| #define PACKAGE_STRING "sqlite 3.28.0"
| #define PACKAGE_BUGREPORT "http://www.sqlite.org"
| #define PACKAGE_URL ""
| #define PACKAGE "sqlite"
| #define VERSION "3.28.0"
| #define STDC_HEADERS 1
| #define HAVE_SYS_TYPES_H 1
| #define HAVE_SYS_STAT_H 1
| #define HAVE_STDLIB_H 1
| #define HAVE_STRING_H 1
| #define HAVE_MEMORY_H 1
| #define HAVE_STRINGS_H 1
| #define HAVE_INTTYPES_H 1
| #define HAVE_STDINT_H 1
| #define HAVE_UNISTD_H 1
| #define HAVE_DLFCN_H 1
| #define LT_OBJDIR ".libs/"
| #define HAVE_FDATASYNC 1
| #define HAVE_USLEEP 1
| #define HAVE_LOCALTIME_R 1
| #define HAVE_GMTIME_R 1
| #define HAVE_DECL_STRERROR_R 1
| #define HAVE_STRERROR_R 1
| #define HAVE_READLINE_READLINE_H 1
| /* end confdefs.h.  */
| 
| /* Override any GCC internal prototype to avoid an error.
|    Use char because int might match the return type of a GCC
|    builtin and then its argument prototype would still apply.  */
| #ifdef __cplusplus
| extern "C"
| #endif
| char readline ();
| int
| main ()
| {
| return readline ();
|   ;
|   return 0;
| }
configure:16933: gcc -o conftest -g -O2   conftest.c -lreadline  -ltermcap  >&5
configure:16933: $? = 0
configure:16950: result: -lreadline
configure:16987: checking for library containing pthread_create
configure:17018: gcc -o conftest -g -O2   conftest.c  >&5
/tmp/ccOYDQdo.o: In function `main':
/home/snorlax/code/opengrok/src/multi-master-sqlite/sqlite-autoconf-3280000/conftest.c:42: undefined reference to `pthread_create'
collect2: error: ld returned 1 exit status
configure:17018: $? = 1
configure: failed program was:
| /* confdefs.h */
| #define PACKAGE_NAME "sqlite"
| #define PACKAGE_TARNAME "sqlite"
| #define PACKAGE_VERSION "3.28.0"
| #define PACKAGE_STRING "sqlite 3.28.0"
| #define PACKAGE_BUGREPORT "http://www.sqlite.org"
| #define PACKAGE_URL ""
| #define PACKAGE "sqlite"
| #define VERSION "3.28.0"
| #define STDC_HEADERS 1
| #define HAVE_SYS_TYPES_H 1
| #define HAVE_SYS_STAT_H 1
| #define HAVE_STDLIB_H 1
| #define HAVE_STRING_H 1
| #define HAVE_MEMORY_H 1
| #define HAVE_STRINGS_H 1
| #define HAVE_INTTYPES_H 1
| #define HAVE_STDINT_H 1
| #define HAVE_UNISTD_H 1
| #define HAVE_DLFCN_H 1
| #define LT_OBJDIR ".libs/"
| #define HAVE_FDATASYNC 1
| #define HAVE_USLEEP 1
| #define HAVE_LOCALTIME_R 1
| #define HAVE_GMTIME_R 1
| #define HAVE_DECL_STRERROR_R 1
| #define HAVE_STRERROR_R 1
| #define HAVE_READLINE_READLINE_H 1
| #define HAVE_READLINE 1
| /* end confdefs.h.  */
| 
| /* Override any GCC internal prototype to avoid an error.
|    Use char because int might match the return type of a GCC
|    builtin and then its argument prototype would still apply.  */
| #ifdef __cplusplus
| extern "C"
| #endif
| char pthread_create ();
| int
| main ()
| {
| return pthread_create ();
|   ;
|   return 0;
| }
configure:17018: gcc -o conftest -g -O2   conftest.c -lpthread   >&5
configure:17018: $? = 0
configure:17035: result: -lpthread
configure:17043: checking for library containing pthread_mutexattr_init
configure:17074: gcc -o conftest -g -O2   conftest.c -lpthread  >&5
configure:17074: $? = 0
configure:17091: result: none required
configure:17113: checking for library containing dlopen
configure:17144: gcc -o conftest -g -O2   conftest.c -lpthread  >&5
/tmp/ccCWMdrC.o: In function `main':
/home/snorlax/code/opengrok/src/multi-master-sqlite/sqlite-autoconf-3280000/conftest.c:42: undefined reference to `dlopen'
collect2: error: ld returned 1 exit status
configure:17144: $? = 1
configure: failed program was:
| /* confdefs.h */
| #define PACKAGE_NAME "sqlite"
| #define PACKAGE_TARNAME "sqlite"
| #define PACKAGE_VERSION "3.28.0"
| #define PACKAGE_STRING "sqlite 3.28.0"
| #define PACKAGE_BUGREPORT "http://www.sqlite.org"
| #define PACKAGE_URL ""
| #define PACKAGE "sqlite"
| #define VERSION "3.28.0"
| #define STDC_HEADERS 1
| #define HAVE_SYS_TYPES_H 1
| #define HAVE_SYS_STAT_H 1
| #define HAVE_STDLIB_H 1
| #define HAVE_STRING_H 1
| #define HAVE_MEMORY_H 1
| #define HAVE_STRINGS_H 1
| #define HAVE_INTTYPES_H 1
| #define HAVE_STDINT_H 1
| #define HAVE_UNISTD_H 1
| #define HAVE_DLFCN_H 1
| #define LT_OBJDIR ".libs/"
| #define HAVE_FDATASYNC 1
| #define HAVE_USLEEP 1
| #define HAVE_LOCALTIME_R 1
| #define HAVE_GMTIME_R 1
| #define HAVE_DECL_STRERROR_R 1
| #define HAVE_STRERROR_R 1
| #define HAVE_READLINE_READLINE_H 1
| #define HAVE_READLINE 1
| /* end confdefs.h.  */
| 
| /* Override any GCC internal prototype to avoid an error.
|    Use char because int might match the return type of a GCC
|    builtin and then its argument prototype would still apply.  */
| #ifdef __cplusplus
| extern "C"
| #endif
| char dlopen ();
| int
| main ()
| {
| return dlopen ();
|   ;
|   return 0;
| }
configure:17144: gcc -o conftest -g -O2   conftest.c -ldl  -lpthread  >&5
configure:17144: $? = 0
configure:17161: result: -ldl
configure:17172: checking for whether to support dynamic extensions
configure:17174: result: yes
configure:17217: checking for library containing log
configure:17248: gcc -o conftest -g -O2   conftest.c -ldl -lpthread  >&5
conftest.c:38:6: warning: conflicting types for built-in function 'log' [enabled by default]
 char log ();
      ^
/tmp/cckNYaQI.o: In function `main':
/home/snorlax/code/opengrok/src/multi-master-sqlite/sqlite-autoconf-3280000/conftest.c:42: undefined reference to `log'
collect2: error: ld returned 1 exit status
configure:17248: $? = 1
configure: failed program was:
| /* confdefs.h */
| #define PACKAGE_NAME "sqlite"
| #define PACKAGE_TARNAME "sqlite"
| #define PACKAGE_VERSION "3.28.0"
| #define PACKAGE_STRING "sqlite 3.28.0"
| #define PACKAGE_BUGREPORT "http://www.sqlite.org"
| #define PACKAGE_URL ""
| #define PACKAGE "sqlite"
| #define VERSION "3.28.0"
| #define STDC_HEADERS 1
| #define HAVE_SYS_TYPES_H 1
| #define HAVE_SYS_STAT_H 1
| #define HAVE_STDLIB_H 1
| #define HAVE_STRING_H 1
| #define HAVE_MEMORY_H 1
| #define HAVE_STRINGS_H 1
| #define HAVE_INTTYPES_H 1
| #define HAVE_STDINT_H 1
| #define HAVE_UNISTD_H 1
| #define HAVE_DLFCN_H 1
| #define LT_OBJDIR ".libs/"
| #define HAVE_FDATASYNC 1
| #define HAVE_USLEEP 1
| #define HAVE_LOCALTIME_R 1
| #define HAVE_GMTIME_R 1
| #define HAVE_DECL_STRERROR_R 1
| #define HAVE_STRERROR_R 1
| #define HAVE_READLINE_READLINE_H 1
| #define HAVE_READLINE 1
| /* end confdefs.h.  */
| 
| /* Override any GCC internal prototype to avoid an error.
|    Use char because int might match the return type of a GCC
|    builtin and then its argument prototype would still apply.  */
| #ifdef __cplusplus
| extern "C"
| #endif
| char log ();
| int
| main ()
| {
| return log ();
|   ;
|   return 0;
| }
configure:17248: gcc -o conftest -g -O2   conftest.c -lm  -ldl -lpthread  >&5
conftest.c:38:6: warning: conflicting types for built-in function 'log' [enabled by default]
 char log ();
      ^
configure:17248: $? = 0
configure:17265: result: -lm
configure:17354: checking for posix_fallocate
configure:17354: gcc -o conftest -g -O2   conftest.c -lm -ldl -lpthread  >&5
configure:17354: $? = 0
configure:17354: result: yes
configure:17365: checking zlib.h usability
configure:17365: gcc -c -g -O2  conftest.c >&5
configure:17365: $? = 0
configure:17365: result: yes
configure:17365: checking zlib.h presence
configure:17365: gcc -E  conftest.c
configure:17365: $? = 0
configure:17365: result: yes
configure:17365: checking for zlib.h
configure:17365: result: yes
configure:17371: checking for library containing deflate
configure:17402: gcc -o conftest -g -O2   conftest.c -lm -ldl -lpthread  >&5
/tmp/ccz1LyvU.o: In function `main':
/home/snorlax/code/opengrok/src/multi-master-sqlite/sqlite-autoconf-3280000/conftest.c:44: undefined reference to `deflate'
collect2: error: ld returned 1 exit status
configure:17402: $? = 1
configure: failed program was:
| /* confdefs.h */
| #define PACKAGE_NAME "sqlite"
| #define PACKAGE_TARNAME "sqlite"
| #define PACKAGE_VERSION "3.28.0"
| #define PACKAGE_STRING "sqlite 3.28.0"
| #define PACKAGE_BUGREPORT "http://www.sqlite.org"
| #define PACKAGE_URL ""
| #define PACKAGE "sqlite"
| #define VERSION "3.28.0"
| #define STDC_HEADERS 1
| #define HAVE_SYS_TYPES_H 1
| #define HAVE_SYS_STAT_H 1
| #define HAVE_STDLIB_H 1
| #define HAVE_STRING_H 1
| #define HAVE_MEMORY_H 1
| #define HAVE_STRINGS_H 1
| #define HAVE_INTTYPES_H 1
| #define HAVE_STDINT_H 1
| #define HAVE_UNISTD_H 1
| #define HAVE_DLFCN_H 1
| #define LT_OBJDIR ".libs/"
| #define HAVE_FDATASYNC 1
| #define HAVE_USLEEP 1
| #define HAVE_LOCALTIME_R 1
| #define HAVE_GMTIME_R 1
| #define HAVE_DECL_STRERROR_R 1
| #define HAVE_STRERROR_R 1
| #define HAVE_READLINE_READLINE_H 1
| #define HAVE_READLINE 1
| #define HAVE_POSIX_FALLOCATE 1
| #define HAVE_ZLIB_H 1
| /* end confdefs.h.  */
| 
| /* Override any GCC internal prototype to avoid an error.
|    Use char because int might match the return type of a GCC
|    builtin and then its argument prototype would still apply.  */
| #ifdef __cplusplus
| extern "C"
| #endif
| char deflate ();
| int
| main ()
| {
| return deflate ();
|   ;
|   return 0;
| }
configure:17402: gcc -o conftest -g -O2   conftest.c -lz  -lm -ldl -lpthread  >&5
configure:17402: $? = 0
configure:17419: result: -lz
configure:17433: checking for library containing system
configure:17464: gcc -o conftest -g -O2   conftest.c -lz -lm -ldl -lpthread  >&5
configure:17464: $? = 0
configure:17481: result: none required
configure:17663: checking that generated files are newer than configure
configure:17669: result: done
configure:17700: creating ./config.status

## ---------------------- ##
## Running config.status. ##
## ---------------------- ##

This file was extended by sqlite config.status 3.28.0, which was
generated by GNU Autoconf 2.69.  Invocation command line was

  CONFIG_FILES    = 
  CONFIG_HEADERS  = 
  CONFIG_LINKS    = 
  CONFIG_COMMANDS = 
  $ ./config.status 

on izuf69j4xdbp2pcou2g1obz

config.status:1075: creating Makefile
config.status:1075: creating sqlite3.pc
config.status:1247: executing depfiles commands
config.status:1247: executing libtool commands

## ---------------- ##
## Cache variables. ##
## ---------------- ##

ac_cv_build=x86_64-pc-linux-gnu
ac_cv_c_compiler_gnu=yes
ac_cv_cxx_compiler_gnu=yes
ac_cv_env_CCC_set=
ac_cv_env_CCC_value=
ac_cv_env_CC_set=
ac_cv_env_CC_value=
ac_cv_env_CFLAGS_set=
ac_cv_env_CFLAGS_value=
ac_cv_env_CPPFLAGS_set=
ac_cv_env_CPPFLAGS_value=
ac_cv_env_CPP_set=
ac_cv_env_CPP_value=
ac_cv_env_CXXCPP_set=
ac_cv_env_CXXCPP_value=
ac_cv_env_CXXFLAGS_set=
ac_cv_env_CXXFLAGS_value=
ac_cv_env_CXX_set=
ac_cv_env_CXX_value=
ac_cv_env_LDFLAGS_set=
ac_cv_env_LDFLAGS_value=
ac_cv_env_LIBS_set=
ac_cv_env_LIBS_value=
ac_cv_env_LT_SYS_LIBRARY_PATH_set=
ac_cv_env_LT_SYS_LIBRARY_PATH_value=
ac_cv_env_build_alias_set=
ac_cv_env_build_alias_value=
ac_cv_env_host_alias_set=
ac_cv_env_host_alias_value=
ac_cv_env_target_alias_set=
ac_cv_env_target_alias_value=
ac_cv_func_fdatasync=yes
ac_cv_func_fullfsync=no
ac_cv_func_gmtime_r=yes
ac_cv_func_localtime_r=yes
ac_cv_func_posix_fallocate=yes
ac_cv_func_strerror_r=yes
ac_cv_func_strerror_r_char_p=no
ac_cv_func_usleep=yes
ac_cv_have_decl_strerror_r=yes
ac_cv_header_dlfcn_h=yes
ac_cv_header_editline_readline_h=no
ac_cv_header_inttypes_h=yes
ac_cv_header_memory_h=yes
ac_cv_header_readline_readline_h=yes
ac_cv_header_stdc=yes
ac_cv_header_stdint_h=yes
ac_cv_header_stdlib_h=yes
ac_cv_header_string_h=yes
ac_cv_header_strings_h=yes
ac_cv_header_sys_stat_h=yes
ac_cv_header_sys_types_h=yes
ac_cv_header_unistd_h=yes
ac_cv_header_zlib_h=yes
ac_cv_host=x86_64-pc-linux-gnu
ac_cv_objext=o
ac_cv_path_EGREP='/usr/bin/grep -E'
ac_cv_path_FGREP='/usr/bin/grep -F'
ac_cv_path_GREP=/usr/bin/grep
ac_cv_path_SED=/usr/bin/sed
ac_cv_path_install='/usr/bin/install -c'
ac_cv_path_lt_DD=/usr/bin/dd
ac_cv_path_mkdir=/usr/bin/mkdir
ac_cv_prog_AWK=gawk
ac_cv_prog_CPP='gcc -E'
ac_cv_prog_CXXCPP='g++ -E'
ac_cv_prog_ac_ct_AR=ar
ac_cv_prog_ac_ct_CC=gcc
ac_cv_prog_ac_ct_CXX=g++
ac_cv_prog_ac_ct_OBJDUMP=objdump
ac_cv_prog_ac_ct_RANLIB=ranlib
ac_cv_prog_ac_ct_STRIP=strip
ac_cv_prog_cc_c89=
ac_cv_prog_cc_g=yes
ac_cv_prog_cxx_g=yes
ac_cv_prog_make_make_set=yes
ac_cv_search_deflate=-lz
ac_cv_search_dlopen=-ldl
ac_cv_search_log=-lm
ac_cv_search_pthread_create=-lpthread
ac_cv_search_pthread_mutexattr_init='none required'
ac_cv_search_readline=-lreadline
ac_cv_search_system='none required'
ac_cv_search_tgetent=-ltermcap
ac_cv_sys_file_offset_bits=no
ac_cv_sys_largefile_CC=no
am_cv_CC_dependencies_compiler_type=gcc3
am_cv_CXX_dependencies_compiler_type=gcc3
am_cv_make_support_nested_variables=yes
lt_cv_ar_at_file=@
lt_cv_archive_cmds_need_lc=no
lt_cv_deplibs_check_method=pass_all
lt_cv_file_magic_cmd='$MAGIC_CMD'
lt_cv_file_magic_test_file=
lt_cv_ld_reload_flag=-r
lt_cv_nm_interface='BSD nm'
lt_cv_objdir=.libs
lt_cv_path_LD=/usr/bin/ld
lt_cv_path_LDCXX='/usr/bin/ld -m elf_x86_64'
lt_cv_path_NM='/usr/bin/nm -B'
lt_cv_path_mainfest_tool=no
lt_cv_prog_compiler_c_o=yes
lt_cv_prog_compiler_c_o_CXX=yes
lt_cv_prog_compiler_pic='-fPIC -DPIC'
lt_cv_prog_compiler_pic_CXX='-fPIC -DPIC'
lt_cv_prog_compiler_pic_works=yes
lt_cv_prog_compiler_pic_works_CXX=yes
lt_cv_prog_compiler_rtti_exceptions=no
lt_cv_prog_compiler_static_works=no
lt_cv_prog_compiler_static_works_CXX=no
lt_cv_prog_gnu_ld=yes
lt_cv_prog_gnu_ldcxx=yes
lt_cv_sharedlib_from_linklib_cmd='printf %s\n'
lt_cv_shlibpath_overrides_runpath=no
lt_cv_sys_global_symbol_pipe='sed -n -e '\''s/^.*[	 ]\([ABCDGIRSTW][ABCDGIRSTW]*\)[	 ][	 ]*\([_A-Za-z][_A-Za-z0-9]*\)$/\1 \2 \2/p'\'' | sed '\''/ __gnu_lto/d'\'''
lt_cv_sys_global_symbol_to_c_name_address='sed -n -e '\''s/^: \(.*\) .*$/  {"\1", (void *) 0},/p'\'' -e '\''s/^[ABCDGIRSTW][ABCDGIRSTW]* .* \(.*\)$/  {"\1", (void *) \&\1},/p'\'''
lt_cv_sys_global_symbol_to_c_name_address_lib_prefix='sed -n -e '\''s/^: \(.*\) .*$/  {"\1", (void *) 0},/p'\'' -e '\''s/^[ABCDGIRSTW][ABCDGIRSTW]* .* \(lib.*\)$/  {"\1", (void *) \&\1},/p'\'' -e '\''s/^[ABCDGIRSTW][ABCDGIRSTW]* .* \(.*\)$/  {"lib\1", (void *) \&\1},/p'\'''
lt_cv_sys_global_symbol_to_cdecl='sed -n -e '\''s/^T .* \(.*\)$/extern int \1();/p'\'' -e '\''s/^[ABCDGIRSTW][ABCDGIRSTW]* .* \(.*\)$/extern char \1;/p'\'''
lt_cv_sys_global_symbol_to_import=
lt_cv_sys_max_cmd_len=1572864
lt_cv_to_host_file_cmd=func_convert_file_noop
lt_cv_to_tool_file_cmd=func_convert_file_noop
lt_cv_truncate_bin='/usr/bin/dd bs=4096 count=1'

## ----------------- ##
## Output variables. ##
## ----------------- ##

ACLOCAL='${SHELL} /home/snorlax/code/opengrok/src/multi-master-sqlite/sqlite-autoconf-3280000/missing aclocal-1.13'
AMDEPBACKSLASH='\'
AMDEP_FALSE='#'
AMDEP_TRUE=''
AMTAR='$${TAR-tar}'
AM_BACKSLASH='\'
AM_DEFAULT_V='$(AM_DEFAULT_VERBOSITY)'
AM_DEFAULT_VERBOSITY='1'
AM_V='$(V)'
AR='ar'
AUTOCONF='${SHELL} /home/snorlax/code/opengrok/src/multi-master-sqlite/sqlite-autoconf-3280000/missing autoconf'
AUTOHEADER='${SHELL} /home/snorlax/code/opengrok/src/multi-master-sqlite/sqlite-autoconf-3280000/missing autoheader'
AUTOMAKE='${SHELL} /home/snorlax/code/opengrok/src/multi-master-sqlite/sqlite-autoconf-3280000/missing automake-1.13'
AWK='gawk'
BUILD_CFLAGS=' -D_REENTRANT=1 -DSQLITE_THREADSAFE=1 -DSQLITE_ENABLE_FTS4 -DSQLITE_ENABLE_FTS5 -DSQLITE_ENABLE_JSON1 -DSQLITE_ENABLE_RTREE -DSQLITE_HAVE_ZLIB'
CC='gcc'
CCDEPMODE='depmode=gcc3'
CFLAGS='-g -O2'
CPP='gcc -E'
CPPFLAGS=''
CXX='g++'
CXXCPP='g++ -E'
CXXDEPMODE='depmode=gcc3'
CXXFLAGS='-g -O2'
CYGPATH_W='echo'
DEFS='-DPACKAGE_NAME=\"sqlite\" -DPACKAGE_TARNAME=\"sqlite\" -DPACKAGE_VERSION=\"3.28.0\" -DPACKAGE_STRING=\"sqlite\ 3.28.0\" -DPACKAGE_BUGREPORT=\"http://www.sqlite.org\" -DPACKAGE_URL=\"\" -DPACKAGE=\"sqlite\" -DVERSION=\"3.28.0\" -DSTDC_HEADERS=1 -DHAVE_SYS_TYPES_H=1 -DHAVE_SYS_STAT_H=1 -DHAVE_STDLIB_H=1 -DHAVE_STRING_H=1 -DHAVE_MEMORY_H=1 -DHAVE_STRINGS_H=1 -DHAVE_INTTYPES_H=1 -DHAVE_STDINT_H=1 -DHAVE_UNISTD_H=1 -DHAVE_DLFCN_H=1 -DLT_OBJDIR=\".libs/\" -DHAVE_FDATASYNC=1 -DHAVE_USLEEP=1 -DHAVE_LOCALTIME_R=1 -DHAVE_GMTIME_R=1 -DHAVE_DECL_STRERROR_R=1 -DHAVE_STRERROR_R=1 -DHAVE_READLINE_READLINE_H=1 -DHAVE_READLINE=1 -DHAVE_POSIX_FALLOCATE=1 -DHAVE_ZLIB_H=1'
DEPDIR='.deps'
DLLTOOL='false'
DSYMUTIL=''
DUMPBIN=''
ECHO_C=''
ECHO_N='-n'
ECHO_T=''
EGREP='/usr/bin/grep -E'
EXEEXT=''
EXTRA_SHELL_OBJ='sqlite3-sqlite3.o'
FGREP='/usr/bin/grep -F'
GREP='/usr/bin/grep'
INSTALL_DATA='${INSTALL} -m 644'
INSTALL_PROGRAM='${INSTALL}'
INSTALL_SCRIPT='${INSTALL}'
INSTALL_STRIP_PROGRAM='$(install_sh) -c -s'
LD='/usr/bin/ld -m elf_x86_64'
LDFLAGS=''
LIBOBJS=''
LIBS='-lz -lm -ldl -lpthread '
LIBTOOL='$(SHELL) $(top_builddir)/libtool'
LIPO=''
LN_S='ln -s'
LTLIBOBJS=''
LT_SYS_LIBRARY_PATH=''
MAKEINFO='${SHELL} /home/snorlax/code/opengrok/src/multi-master-sqlite/sqlite-autoconf-3280000/missing makeinfo'
MANIFEST_TOOL=':'
MKDIR_P='/usr/bin/mkdir -p'
NM='/usr/bin/nm -B'
NMEDIT=''
OBJDUMP='objdump'
OBJEXT='o'
OTOOL64=''
OTOOL=''
PACKAGE='sqlite'
PACKAGE_BUGREPORT='http://www.sqlite.org'
PACKAGE_NAME='sqlite'
PACKAGE_STRING='sqlite 3.28.0'
PACKAGE_TARNAME='sqlite'
PACKAGE_URL=''
PACKAGE_VERSION='3.28.0'
PATH_SEPARATOR=':'
RANLIB='ranlib'
READLINE_LIBS='-lreadline -ltermcap '
SED='/usr/bin/sed'
SET_MAKE=''
SHELL='/bin/sh'
SHELL_CFLAGS=''
STRIP='strip'
VERSION='3.28.0'
ac_ct_AR='ar'
ac_ct_CC='gcc'
ac_ct_CXX='g++'
ac_ct_DUMPBIN=''
am__EXEEXT_FALSE=''
am__EXEEXT_TRUE='#'
am__fastdepCC_FALSE='#'
am__fastdepCC_TRUE=''
am__fastdepCXX_FALSE='#'
am__fastdepCXX_TRUE=''
am__include='include'
am__isrc=''
am__leading_dot='.'
am__nodep='_no'
am__quote=''
am__tar='$${TAR-tar} chof - "$$tardir"'
am__untar='$${TAR-tar} xf -'
bindir='${exec_prefix}/bin'
build='x86_64-pc-linux-gnu'
build_alias=''
build_cpu='x86_64'
build_os='linux-gnu'
build_vendor='pc'
datadir='${datarootdir}'
datarootdir='${prefix}/share'
docdir='${datarootdir}/doc/${PACKAGE_TARNAME}'
dvidir='${docdir}'
exec_prefix='${prefix}'
host='x86_64-pc-linux-gnu'
host_alias=''
host_cpu='x86_64'
host_os='linux-gnu'
host_vendor='pc'
htmldir='${docdir}'
includedir='${prefix}/include'
infodir='${datarootdir}/info'
install_sh='${SHELL} /home/snorlax/code/opengrok/src/multi-master-sqlite/sqlite-autoconf-3280000/install-sh'
libdir='${exec_prefix}/lib'
libexecdir='${exec_prefix}/libexec'
localedir='${datarootdir}/locale'
localstatedir='${prefix}/var'
mandir='${datarootdir}/man'
mkdir_p='$(MKDIR_P)'
oldincludedir='/usr/include'
pdfdir='${docdir}'
prefix='/usr/local'
program_transform_name='s,x,x,'
psdir='${docdir}'
sbindir='${exec_prefix}/sbin'
sharedstatedir='${prefix}/com'
sysconfdir='${prefix}/etc'
target_alias=''

## ----------- ##
## confdefs.h. ##
## ----------- ##

/* confdefs.h */
#define PACKAGE_NAME "sqlite"
#define PACKAGE_TARNAME "sqlite"
#define PACKAGE_VERSION "3.28.0"
#define PACKAGE_STRING "sqlite 3.28.0"
#define PACKAGE_BUGREPORT "http://www.sqlite.org"
#define PACKAGE_URL ""
#define PACKAGE "sqlite"
#define VERSION "3.28.0"
#define STDC_HEADERS 1
#define HAVE_SYS_TYPES_H 1
#define HAVE_SYS_STAT_H 1
#define HAVE_STDLIB_H 1
#define HAVE_STRING_H 1
#define HAVE_MEMORY_H 1
#define HAVE_STRINGS_H 1
#define HAVE_INTTYPES_H 1
#define HAVE_STDINT_H 1
#define HAVE_UNISTD_H 1
#define HAVE_DLFCN_H 1
#define LT_OBJDIR ".libs/"
#define HAVE_FDATASYNC 1
#define HAVE_USLEEP 1
#define HAVE_LOCALTIME_R 1
#define HAVE_GMTIME_R 1
#define HAVE_DECL_STRERROR_R 1
#define HAVE_STRERROR_R 1
#define HAVE_READLINE_READLINE_H 1
#define HAVE_READLINE 1
#define HAVE_POSIX_FALLOCATE 1
#define HAVE_ZLIB_H 1

configure: exit 0
